<?xml version="1.0" encoding="UTF-8"?>
<!-- Generated by org.testng.reporters.JUnitXMLReporter -->
<testsuite hostname="Praveen-MacBook-Air.local" ignored="0" name="BankingApp Test(failed)" tests="1" failures="1" timestamp="13 Dec 2019 05:58:35 GMT" time="12.43" errors="0">
  <testcase name="addNewCustomer" time="5.153" classname="com.inetbanking.testcases.TC_AddCustomerTest_003">
    <failure type="java.lang.IllegalArgumentException" message="If you use a &amp;apos;@FindAll&amp;apos; annotation, you must not also use a &amp;apos;@FindBy&amp;apos; annotation">
      <![CDATA[java.lang.IllegalArgumentException: If you use a '@FindAll' annotation, you must not also use a '@FindBy' annotation
at org.openqa.selenium.support.pagefactory.Annotations.assertValidAnnotations(Annotations.java:110)
at org.openqa.selenium.support.pagefactory.Annotations.buildBy(Annotations.java:61)
at org.openqa.selenium.support.pagefactory.DefaultElementLocator.<init>(DefaultElementLocator.java:58)
at org.openqa.selenium.support.pagefactory.DefaultElementLocator.<init>(DefaultElementLocator.java:46)
at org.openqa.selenium.support.pagefactory.DefaultElementLocatorFactory.createLocator(DefaultElementLocatorFactory.java:32)
at org.openqa.selenium.support.pagefactory.DefaultFieldDecorator.decorate(DefaultFieldDecorator.java:56)
at org.openqa.selenium.support.PageFactory.proxyFields(PageFactory.java:113)
at org.openqa.selenium.support.PageFactory.initElements(PageFactory.java:105)
at org.openqa.selenium.support.PageFactory.initElements(PageFactory.java:92)
at org.openqa.selenium.support.PageFactory.initElements(PageFactory.java:79)
at com.inetbanking.pageObjects.AddCustomerPage.<init>(AddCustomerPage.java:18)
at com.inetbanking.testcases.TC_AddCustomerTest_003.addNewCustomer(TC_AddCustomerTest_003.java:30)
... Removed 25 stack frames]]>
    </failure>
  </testcase> <!-- addNewCustomer -->
</testsuite> <!-- BankingApp Test(failed) -->
